<?xml version="1.0" encoding="UTF-8"?>
<!-- Generated by org.testng.reporters.JUnitXMLReporter -->
<testsuite ignored="1" hostname="Ajay-MacBook-Air.local" failures="0" tests="1" name="Default test" time="1184.671" errors="0" timestamp="25 Sep 2019 21:30:45 GMT">
  <testcase classname="com.epikso.getmatrix.testcases.WebsiteSpeed" name="getSpeed" time="1181.034"/>
  <testcase classname="com.epikso.getmatrix.testcases.WebsiteSpeed" name="getLoadAndGrade" time="0.0">
    <ignored/>
  </testcase> <!-- getLoadAndGrade -->
</testsuite> <!-- Default test -->
