<?xml version="1.0" encoding="UTF-8"?>
<testng-results ignored="0" total="1" passed="1" failed="0" skipped="0">
  <reporter-output>
  </reporter-output>
  <suite started-at="2019-09-24T11:29:43Z" name="Default suite" finished-at="2019-09-24T11:29:50Z" duration-ms="6895">
    <groups>
    </groups>
    <test started-at="2019-09-24T11:29:43Z" name="Default test" finished-at="2019-09-24T11:29:50Z" duration-ms="6895">
      <class name="com.epikso.getmatrix.testcases.Getmatrix">
        <test-method is-config="true" signature="bf()[pri:0, instance:com.epikso.getmatrix.testcases.Getmatrix@445b295b]" started-at="2019-09-24T11:29:43Z" name="bf" finished-at="2019-09-24T11:29:50Z" duration-ms="6852" status="PASS">
          <reporter-output>
          </reporter-output>
        </test-method> <!-- bf -->
        <test-method signature="readSpeed()[pri:0, instance:com.epikso.getmatrix.testcases.Getmatrix@445b295b]" started-at="2019-09-24T11:29:50Z" name="readSpeed" finished-at="2019-09-24T11:29:50Z" duration-ms="7" status="PASS">
          <reporter-output>
          </reporter-output>
        </test-method> <!-- readSpeed -->
      </class> <!-- com.epikso.getmatrix.testcases.Getmatrix -->
    </test> <!-- Default test -->
  </suite> <!-- Default suite -->
</testng-results>
