<?xml version="1.0" encoding="UTF-8"?>
<testng-results ignored="1" total="2" passed="1" failed="0" skipped="0">
  <reporter-output>
  </reporter-output>
  <suite started-at="2019-09-25T21:10:55Z" name="Default suite" finished-at="2019-09-25T21:30:40Z" duration-ms="1184671">
    <groups>
    </groups>
    <test started-at="2019-09-25T21:10:55Z" name="Default test" finished-at="2019-09-25T21:30:40Z" duration-ms="1184671">
      <class name="com.epikso.getmatrix.testcases.WebsiteSpeed">
        <test-method is-config="true" signature="bt()[pri:0, instance:com.epikso.getmatrix.testcases.WebsiteSpeed@4c309d4d]" started-at="2019-09-25T21:10:55Z" name="bt" finished-at="2019-09-25T21:10:58Z" duration-ms="3327" status="PASS">
          <reporter-output>
          </reporter-output>
        </test-method> <!-- bt -->
        <test-method signature="getSpeed()[pri:2, instance:com.epikso.getmatrix.testcases.WebsiteSpeed@4c309d4d]" started-at="2019-09-25T21:10:58Z" name="getSpeed" finished-at="2019-09-25T21:30:39Z" duration-ms="1181034" status="PASS">
          <reporter-output>
          </reporter-output>
        </test-method> <!-- getSpeed -->
        <test-method is-config="true" signature="after()[pri:0, instance:com.epikso.getmatrix.testcases.WebsiteSpeed@4c309d4d]" started-at="2019-09-25T21:30:39Z" name="after" finished-at="2019-09-25T21:30:40Z" duration-ms="277" status="PASS">
          <reporter-output>
          </reporter-output>
        </test-method> <!-- after -->
      </class> <!-- com.epikso.getmatrix.testcases.WebsiteSpeed -->
    </test> <!-- Default test -->
  </suite> <!-- Default suite -->
</testng-results>
