<?xml version="1.0" encoding="UTF-8"?>
<!-- Generated by org.testng.reporters.JUnitXMLReporter -->
<testsuite ignored="1" hostname="ip-192-168-10-52.ap-south-1.compute.internal" failures="1" tests="1" name="demo" time="18.013" errors="0" timestamp="25 Sep 2019 05:58:56 GMT">
  <testcase classname="com.epikso.getmatrix.helper.Base" name="@AfterMethod after" time="0.032">
    <failure type="org.openqa.selenium.NoSuchWindowException" message="no such window: target window already closed
from unknown error: web view not found
  (Session info: chrome=77.0.3865.90)
Build info: version: &amp;apos;3.141.59&amp;apos;, revision: &amp;apos;e82be7d358&amp;apos;, time: &amp;apos;2018-11-14T08:17:03&amp;apos;
System info: host: &amp;apos;ip-192-168-10-52.ap-south-1.compute.internal&amp;apos;, ip: &amp;apos;192.168.10.52&amp;apos;, os.name: &amp;apos;Mac OS X&amp;apos;, os.arch: &amp;apos;x86_64&amp;apos;, os.version: &amp;apos;10.14.6&amp;apos;, java.version: &amp;apos;11&amp;apos;
Driver info: org.openqa.selenium.chrome.ChromeDriver
Capabilities {acceptInsecureCerts: false, browserName: chrome, browserVersion: 77.0.3865.90, chrome: {chromedriverVersion: 77.0.3865.10 (bc3579f611bbc..., userDataDir: /var/folders/cx/_65m4t7n11n...}, goog:chromeOptions: {debuggerAddress: localhost:50348}, javascriptEnabled: true, networkConnectionEnabled: false, pageLoadStrategy: normal, platform: MAC, platformName: MAC, proxy: Proxy(), setWindowRect: true, strictFileInteractability: false, timeouts: {implicit: 0, pageLoad: 300000, script: 30000}, unhandledPromptBehavior: dismiss and notify}
Session ID: ee651af3cb5582d92534af56d832612a">
      <![CDATA[org.openqa.selenium.NoSuchWindowException: no such window: target window already closed
from unknown error: web view not found
  (Session info: chrome=77.0.3865.90)
Build info: version: '3.141.59', revision: 'e82be7d358', time: '2018-11-14T08:17:03'
System info: host: 'ip-192-168-10-52.ap-south-1.compute.internal', ip: '192.168.10.52', os.name: 'Mac OS X', os.arch: 'x86_64', os.version: '10.14.6', java.version: '11'
Driver info: org.openqa.selenium.chrome.ChromeDriver
Capabilities {acceptInsecureCerts: false, browserName: chrome, browserVersion: 77.0.3865.90, chrome: {chromedriverVersion: 77.0.3865.10 (bc3579f611bbc..., userDataDir: /var/folders/cx/_65m4t7n11n...}, goog:chromeOptions: {debuggerAddress: localhost:50348}, javascriptEnabled: true, networkConnectionEnabled: false, pageLoadStrategy: normal, platform: MAC, platformName: MAC, proxy: Proxy(), setWindowRect: true, strictFileInteractability: false, timeouts: {implicit: 0, pageLoad: 300000, script: 30000}, unhandledPromptBehavior: dismiss and notify}
Session ID: ee651af3cb5582d92534af56d832612a
at org.openqa.selenium.remote.http.W3CHttpResponseCodec.createException(W3CHttpResponseCodec.java:187)
at org.openqa.selenium.remote.http.W3CHttpResponseCodec.decode(W3CHttpResponseCodec.java:122)
at org.openqa.selenium.remote.http.W3CHttpResponseCodec.decode(W3CHttpResponseCodec.java:49)
at org.openqa.selenium.remote.HttpCommandExecutor.execute(HttpCommandExecutor.java:158)
at org.openqa.selenium.remote.service.DriverCommandExecutor.execute(DriverCommandExecutor.java:83)
at org.openqa.selenium.remote.RemoteWebDriver.execute(RemoteWebDriver.java:552)
at org.openqa.selenium.remote.RemoteWebDriver.execute(RemoteWebDriver.java:609)
at org.openqa.selenium.remote.RemoteWebDriver.close(RemoteWebDriver.java:442)
at com.epikso.getmatrix.helper.Base.after(Base.java:78)
... Removed 32 stack frames]]>
    </failure>
  </testcase> <!-- @AfterMethod after -->
  <testcase classname="com.epikso.getmatrix.testcases.WebsiteSpeed" name="getSpeed" time="9.442">
    <failure type="org.openqa.selenium.NoSuchElementException" message="Cannot locate an element using css selector=input[type=&amp;apos;text&amp;apos;][name=&amp;apos;url&amp;apos;]
For documentation on this error, please visit: https://www.seleniumhq.org/exceptions/no_such_element.html
Build info: version: &amp;apos;3.141.59&amp;apos;, revision: &amp;apos;e82be7d358&amp;apos;, time: &amp;apos;2018-11-14T08:17:03&amp;apos;
System info: host: &amp;apos;ip-192-168-10-52.ap-south-1.compute.internal&amp;apos;, ip: &amp;apos;192.168.10.52&amp;apos;, os.name: &amp;apos;Mac OS X&amp;apos;, os.arch: &amp;apos;x86_64&amp;apos;, os.version: &amp;apos;10.14.6&amp;apos;, java.version: &amp;apos;11&amp;apos;
Driver info: driver.version: RemoteWebDriver">
      <![CDATA[org.openqa.selenium.NoSuchElementException: Cannot locate an element using css selector=input[type='text'][name='url']
For documentation on this error, please visit: https://www.seleniumhq.org/exceptions/no_such_element.html
Build info: version: '3.141.59', revision: 'e82be7d358', time: '2018-11-14T08:17:03'
System info: host: 'ip-192-168-10-52.ap-south-1.compute.internal', ip: '192.168.10.52', os.name: 'Mac OS X', os.arch: 'x86_64', os.version: '10.14.6', java.version: '11'
Driver info: driver.version: RemoteWebDriver
at org.openqa.selenium.remote.RemoteWebDriver.findElement(RemoteWebDriver.java:327)
at org.openqa.selenium.remote.RemoteWebDriver.findElementByCssSelector(RemoteWebDriver.java:420)
at org.openqa.selenium.By$ByCssSelector.findElement(By.java:431)
at org.openqa.selenium.remote.RemoteWebDriver.findElement(RemoteWebDriver.java:315)
at org.openqa.selenium.support.pagefactory.DefaultElementLocator.findElement(DefaultElementLocator.java:69)
at org.openqa.selenium.support.pagefactory.internal.LocatingElementHandler.invoke(LocatingElementHandler.java:38)
at com.sun.proxy.$Proxy13.sendKeys(Unknown Source)
at com.epikso.getmatrix.pagemodules.GoogleSpeedMod.searchUrl(GoogleSpeedMod.java:37)
at com.epikso.getmatrix.pagemodules.GoogleSpeedMod.setUrls(GoogleSpeedMod.java:68)
at com.epikso.getmatrix.testcases.WebsiteSpeed.getSpeed(WebsiteSpeed.java:32)
... Removed 25 stack frames]]>
    </failure>
  </testcase> <!-- getSpeed -->
  <testcase classname="com.epikso.getmatrix.testcases.WebsiteSpeed" name="getLoadAndGrade" time="0.0">
    <ignored/>
  </testcase> <!-- getLoadAndGrade -->
</testsuite> <!-- demo -->
